<?xml version="1.0" encoding="utf-8"?><testsuites><testsuite name="pytest" errors="0" failures="0" skipped="0" tests="4" time="32.213" timestamp="2025-05-07T18:40:26.434475+00:00" hostname="ac31eb024464"><testcase classname="tests.external_integration_test" name="test_synthesize_stream_successful" time="5.641" /><testcase classname="tests.external_integration_test" name="test_synthesize_stream_missing_config" time="0.004" /><testcase classname="tests.external_integration_test" name="test_synthesize_stream_empty_session_id_in_config" time="3.232" /><testcase classname="tests.external_integration_test" name="test_synthesize_stream_invalid_language_or_voice" time="23.237" /></testsuite></testsuites>